<?xml version="1.0" encoding="UTF-8"?>
<!-- Generated by org.testng.reporters.JUnitReportReporter -->
<testsuite hostname="HP-Pavilion" failures="0" tests="2" name="academy.HomePageTest" time="30.627" errors="0" timestamp="2022-08-04T12:11:20 IST" skipped="0">
  <testcase classname="academy.HomePageTest" name="basepagenavigation" time="12.991"/>
  <system-out/>
  <testcase classname="academy.HomePageTest" name="basepagenavigation" time="17.636"/>
  <system-out/>
</testsuite> <!-- academy.HomePageTest -->
