<?xml version="1.0" encoding="UTF-8"?>
<!-- Generated by org.testng.reporters.JUnitReportReporter -->
<testsuite hostname="HP-Pavilion" failures="0" tests="1" name="academy.LaunchGoogle" time="7.263" errors="0" timestamp="2022-08-02T15:46:48 IST" skipped="0">
  <testcase classname="academy.LaunchGoogle" name="launchgoogle" time="7.263"/>
  <system-out/>
</testsuite> <!-- academy.LaunchGoogle -->
