<?xml version="1.0" encoding="UTF-8"?>
<!-- Generated by org.testng.reporters.JUnitReportReporter -->
<testsuite hostname="HP-Pavilion" failures="0" tests="2" name="academy.FactorialNo" time="0.008" errors="0" timestamp="2022-09-01T12:26:10 IST" skipped="0">
  <testcase classname="academy.FactorialNo" name="factorial" time="0.001"/>
  <system-out/>
  <testcase classname="academy.FactorialNo" name="Palindrome" time="0.007"/>
  <system-out/>
</testsuite> <!-- academy.FactorialNo -->
