<?xml version="1.0" encoding="UTF-8"?>
<!-- Generated by org.testng.reporters.JUnitReportReporter -->
<testsuite hostname="HP-Pavilion" failures="0" tests="1" name="academy.HomePage" time="9.202" errors="0" timestamp="2022-07-25T17:49:29 IST" skipped="0">
  <testcase classname="academy.HomePage" name="basepagenavigation" time="9.202"/>
  <system-out/>
</testsuite> <!-- academy.HomePage -->
