<?xml version="1.0" encoding="UTF-8"?>
<!-- Generated by org.testng.reporters.JUnitReportReporter -->
<testsuite hostname="HP-Pavilion" failures="0" tests="1" name="academy.FactorialNo" time="0.006" errors="0" timestamp="2022-09-01T11:52:01 IST" skipped="0">
  <testcase classname="academy.FactorialNo" name="factorial" time="0.006"/>
  <system-out/>
</testsuite> <!-- academy.FactorialNo -->
