<?xml version="1.0" encoding="UTF-8"?>
<!-- Generated by org.testng.reporters.JUnitReportReporter -->
<testsuite skipped="0" hostname="HP-Pavilion" name="academy.HomePageTest" tests="2" failures="0" timestamp="2022-08-04T12:26:29 IST" time="40.079" errors="0">
  <testcase name="basepagenavigation" time="22.355" classname="academy.HomePageTest"/>
  <system-out/>
  <testcase name="basepagenavigation" time="17.724" classname="academy.HomePageTest"/>
  <system-out/>
</testsuite> <!-- academy.HomePageTest -->
